<?xml version="1.0" encoding="UTF-8" standalone="no"?>
<testsuite errors="0" failures="0" name="io.cucumber.core.plugin.JUnitFormatter" skipped="0" tests="17" time="0.545">
    <testcase classname="Free CRM Application Testing" name="Login with correct username and correct password" time="0.138">
        <system-out><![CDATA[Given This is a valid login test............................................passed
]]></system-out>
    </testcase>
    <testcase classname="Free CRM Application Testing" name="Login with Incorrect username and correct password" time="0.002">
        <system-out><![CDATA[Given This is a invalid login test..........................................passed
]]></system-out>
    </testcase>
    <testcase classname="Free CRM Application Testing" name="Create a contact" time="0.004">
        <system-out><![CDATA[Given This is a contact test case...........................................passed
]]></system-out>
    </testcase>
    <testcase classname="Free CRM Application Testing" name="Create a deal" time="0.004">
        <system-out><![CDATA[Given This is a deal test case..............................................passed
]]></system-out>
    </testcase>
    <testcase classname="Free CRM Application Testing" name="Create a task" time="0.001">
        <system-out><![CDATA[Given This is a contact task case...........................................passed
]]></system-out>
    </testcase>
    <testcase classname="Free CRM Application Testing" name="Create a case" time="0.001">
        <system-out><![CDATA[Given This is a case test case..............................................passed
]]></system-out>
    </testcase>
    <testcase classname="Free CRM Application Testing" name="Verify left panel links" time="0.001">
        <system-out><![CDATA[Given Clicking on left panel links..........................................passed
]]></system-out>
    </testcase>
    <testcase classname="Free CRM Application Testing" name="Search a deal" time="0.001">
        <system-out><![CDATA[Given Search deal test......................................................passed
]]></system-out>
    </testcase>
    <testcase classname="Free CRM Application Testing" name="Search a contact" time="0.001">
        <system-out><![CDATA[Given Search contact test...................................................passed
]]></system-out>
    </testcase>
    <testcase classname="Free CRM Application Testing" name="Search a case" time="0">
        <system-out><![CDATA[Given Search case test......................................................passed
]]></system-out>
    </testcase>
    <testcase classname="Free CRM Application Testing" name="Search a task" time="0.001">
        <system-out><![CDATA[Given Search task test......................................................passed
]]></system-out>
    </testcase>
    <testcase classname="Free CRM Application Testing" name="Search a call" time="0.001">
        <system-out><![CDATA[Given Search call test......................................................passed
]]></system-out>
    </testcase>
    <testcase classname="Free CRM Application Testing" name="Search a email" time="0.001">
        <system-out><![CDATA[Given Search email test.....................................................passed
]]></system-out>
    </testcase>
    <testcase classname="Free CRM Application Testing" name="Search a docs" time="0.001">
        <system-out><![CDATA[Given Search docs test......................................................passed
]]></system-out>
    </testcase>
    <testcase classname="Free CRM Application Testing" name="Search a forms" time="0.001">
        <system-out><![CDATA[Given Search forms test.....................................................passed
]]></system-out>
    </testcase>
    <testcase classname="Free CRM Application Testing" name="Search a report" time="0.005">
        <system-out><![CDATA[Given Search report test....................................................passed
]]></system-out>
    </testcase>
    <testcase classname="Free CRM Application Testing" name="Application Logout" time="0.001">
        <system-out><![CDATA[Given clicking on logout button.............................................passed
]]></system-out>
    </testcase>
</testsuite>
